[debug] [2025-01-27T06:38:15.885Z] ----------------------------------------------------------------------
[debug] [2025-01-27T06:38:15.887Z] Command:       C:\Program Files\nodejs\node.exe C:\Users\USER\AppData\Roaming\npm\node_modules\firebase-tools\lib\bin\firebase.js init
[debug] [2025-01-27T06:38:15.888Z] CLI Version:   13.29.2
[debug] [2025-01-27T06:38:15.888Z] Platform:      win32
[debug] [2025-01-27T06:38:15.888Z] Node Version:  v22.11.0
[debug] [2025-01-27T06:38:15.888Z] Time:          Mon Jan 27 2025 12:08:15 GMT+0530 (India Standard Time)
[debug] [2025-01-27T06:38:15.888Z] ----------------------------------------------------------------------
[debug] 
[debug] [2025-01-27T06:38:16.081Z] > command requires scopes: ["email","openid","https://www.googleapis.com/auth/cloudplatformprojects.readonly","https://www.googleapis.com/auth/firebase","https://www.googleapis.com/auth/cloud-platform"]
[debug] [2025-01-27T06:38:16.081Z] > authorizing via signed-in user (hello@nextmeet.live)
[info] 
     ######## #### ########  ######## ########     ###     ######  ########
     ##        ##  ##     ## ##       ##     ##  ##   ##  ##       ##
     ######    ##  ########  ######   ########  #########  ######  ######
     ##        ##  ##    ##  ##       ##     ## ##     ##       ## ##
     ##       #### ##     ## ######## ########  ##     ##  ######  ########

You're about to initialize a Firebase project in this directory:

  C:\Users\USER\Desktop\Qubeai\serverserside code\my-server

Before we get started, keep in mind:

  * You are initializing within an existing Firebase project directory

[info] 
=== Project Setup
[info] 
[info] First, let's associate this project directory with a Firebase project.
[info] You can create multiple project aliases by running firebase use --add, 
[info] but for now we'll just set up a default project.
[info] 
[debug] [2025-01-27T06:38:19.753Z] Using project from CLI flag: theqube-6011d
[debug] [2025-01-27T06:38:19.753Z] Checked if tokens are valid: true, expires at: 1737963333060
[debug] [2025-01-27T06:38:19.754Z] Checked if tokens are valid: true, expires at: 1737963333060
[debug] [2025-01-27T06:38:19.754Z] >>> [apiv2][query] GET https://firebase.googleapis.com/v1beta1/projects/theqube-6011d [none]
[debug] [2025-01-27T06:38:20.306Z] <<< [apiv2][status] GET https://firebase.googleapis.com/v1beta1/projects/theqube-6011d 200
[debug] [2025-01-27T06:38:20.306Z] <<< [apiv2][body] GET https://firebase.googleapis.com/v1beta1/projects/theqube-6011d {"projectId":"theqube-6011d","projectNumber":"293262219798","displayName":"theqube","name":"projects/theqube-6011d","resources":{"hostingSite":"theqube-6011d"},"state":"ACTIVE","etag":"1_d4900573-51bb-4772-bd46-7f5be784397e"}
[info] i  Using project theqube-6011d (theqube) 
[info] 
=== Hosting Setup
[debug] [2025-01-27T06:38:20.311Z] Checked if tokens are valid: true, expires at: 1737963333060
[debug] [2025-01-27T06:38:20.311Z] Checked if tokens are valid: true, expires at: 1737963333060
[debug] [2025-01-27T06:38:20.311Z] >>> [apiv2][query] GET https://firebase.googleapis.com/v1beta1/projects/theqube-6011d [none]
[debug] [2025-01-27T06:38:20.688Z] <<< [apiv2][status] GET https://firebase.googleapis.com/v1beta1/projects/theqube-6011d 200
[debug] [2025-01-27T06:38:20.688Z] <<< [apiv2][body] GET https://firebase.googleapis.com/v1beta1/projects/theqube-6011d {"projectId":"theqube-6011d","projectNumber":"293262219798","displayName":"theqube","name":"projects/theqube-6011d","resources":{"hostingSite":"theqube-6011d"},"state":"ACTIVE","etag":"1_d4900573-51bb-4772-bd46-7f5be784397e"}
[info] 
[info] Your public directory is the folder (relative to your project directory) that
[info] will contain Hosting assets to be uploaded with firebase deploy. If you
[info] have a build process for your assets, use your build's output directory.
[info] 
[debug] [2025-01-27T06:39:15.599Z] Error: Path contains invalid characters: C:\Users\USER\Desktop\Qubeai\serverserside code\my-server\*
    at checkPath (C:\Users\USER\AppData\Roaming\npm\node_modules\firebase-tools\node_modules\fs-extra\lib\mkdirs\utils.js:16:21)
    at module.exports.makeDirSync (C:\Users\USER\AppData\Roaming\npm\node_modules\firebase-tools\node_modules\fs-extra\lib\mkdirs\make-dir.js:21:3)
    at Object.createFileSync (C:\Users\USER\AppData\Roaming\npm\node_modules\firebase-tools\node_modules\fs-extra\lib\ensure\file.js:59:45)
    at Config.writeProjectFile (C:\Users\USER\AppData\Roaming\npm\node_modules\firebase-tools\lib\config.js:159:12)
    at C:\Users\USER\AppData\Roaming\npm\node_modules\firebase-tools\lib\config.js:193:22
    at process.processTicksAndRejections (node:internal/process/task_queues:105:5)
    at async doSetup (C:\Users\USER\AppData\Roaming\npm\node_modules\firebase-tools\lib\init\features\hosting\index.js:173:13)
    at async init (C:\Users\USER\AppData\Roaming\npm\node_modules\firebase-tools\lib\init\index.js:41:9)
[error] 
[error] Error: An unexpected error has occurred.
